<?xml version="1.0" encoding="UTF-8"?>
<!-- Generated by org.testng.reporters.JUnitReportReporter -->
<testsuite skipped="1" hostname="DESKTOP-IHD58UK" name="TestTestNg.Day3" tests="7" failures="0" timestamp="13 Aug 2020 11:20:04 GMT" time="0.026" errors="0">
  <testcase name="MobilesignoutCarloan" time="0.002" classname="TestTestNg.Day3"/>
  <testcase name="MobilesignoutCarloan" time="0.001" classname="TestTestNg.Day3"/>
  <testcase name="LoginApicarloan" time="0.006" classname="TestTestNg.Day3"/>
  <testcase name="Weblogincarloan" time="0.006" classname="TestTestNg.Day3"/>
  <testcase name="MobileloginCarloan" time="0.008" classname="TestTestNg.Day3"/>
  <testcase name="MobilesignoutCarloan" time="0.003" classname="TestTestNg.Day3"/>
  <testcase name="MobilesigninCarloan" classname="TestTestNg.Day3">
    <skipped/>
  </testcase> <!-- MobilesigninCarloan -->
</testsuite> <!-- TestTestNg.Day3 -->
