<?xml version="1.0" encoding="UTF-8"?>
<!-- Generated by org.testng.reporters.JUnitReportReporter -->
<testsuite skipped="0" hostname="DESKTOP-IHD58UK" name="TestTestNg.Day2" tests="1" failures="0" timestamp="13 Aug 2020 11:20:04 GMT" time="0.002" errors="0">
  <testcase name="ploan" time="0.002" classname="TestTestNg.Day2"/>
</testsuite> <!-- TestTestNg.Day2 -->
