<?xml version="1.0" encoding="UTF-8"?>
<!-- Generated by org.testng.reporters.JUnitReportReporter -->
<testsuite skipped="0" hostname="DESKTOP-IHD58UK" name="TestTestNg.Day4" tests="3" failures="0" timestamp="13 Aug 2020 11:20:04 GMT" time="0.006" errors="0">
  <testcase name="Mobileloginhomeloan" time="0.002" classname="TestTestNg.Day4"/>
  <testcase name="LoginApihomeloan" time="0.001" classname="TestTestNg.Day4"/>
  <testcase name="Webloginhomeloan" time="0.003" classname="TestTestNg.Day4"/>
</testsuite> <!-- TestTestNg.Day4 -->
