<?xml version="1.0" encoding="UTF-8"?>
<!-- Generated by org.testng.reporters.JUnitReportReporter -->
<testsuite skipped="0" hostname="DESKTOP-IHD58UK" name="TestTestNg.Day2Test" tests="1" failures="0" timestamp="14 Aug 2020 06:24:16 GMT" time="0.002" errors="0">
  <testcase name="ploan" time="0.002" classname="TestTestNg.Day2Test"/>
</testsuite> <!-- TestTestNg.Day2Test -->
